<?xml version="1.0" encoding="UTF-8"?>
<!-- Generated by org.testng.reporters.JUnitReportReporter -->
<testsuite skipped="0" hostname="Admin-PC" name="TestSuites.SanitySuite$TestBaseSetup" tests="1" failures="0" timestamp="27 Sep 2018 10:37:40 GMT" time="33.903" errors="0">
  <testcase name="initializeTestBaseSetup" time="33.903" classname="TestSuites.SanitySuite$TestBaseSetup"/>
</testsuite> <!-- TestSuites.SanitySuite$TestBaseSetup -->
